2020-03-02 12:48:00,977 :: INFO :: <module> :: Reading parameters...
2020-03-02 13:03:37,062 :: INFO :: main :: From main : Starting Process
2020-03-02 13:03:37,064 :: INFO :: main :: Reading parameters...
2020-03-02 13:03:37,065 :: INFO :: main :: Starting process for date : 02/03/2020, hour : 19, player : Simon 
2020-03-02 13:03:37,065 :: INFO :: main :: Launching Chrome application
2020-03-02 13:03:39,179 :: INFO :: adsl_connector :: Searching for this url :https://www.adsltennis.fr/_start/index.php?club=57920017
2020-03-02 13:03:40,208 :: INFO :: adsl_connector :: connexion to ADSL portail..
2020-03-02 13:03:40,289 :: INFO :: adsl_connector :: User name verified
2020-03-02 13:03:45,370 :: INFO :: adsl_connector :: password verified
2020-03-02 13:03:55,615 :: INFO :: adsl_connector :: connexion succeeded
2020-03-02 13:04:05,642 :: INFO :: booking_course :: Trying to reserve : A
2020-03-02 13:04:17,051 :: ERROR :: booking_course :: The session date: 02/03/2020, tennis court :A, hour: 19 already reserved, A
2020-03-02 13:04:17,052 :: INFO :: booking_course :: Trying to reserve : B
2020-03-02 13:04:27,724 :: ERROR :: booking_course :: The session date: 02/03/2020, tennis court :A, hour: 19 already reserved, B
2020-03-02 13:04:27,724 :: INFO :: booking_course :: Trying to reserve : C
2020-03-02 13:04:38,841 :: ERROR :: booking_course :: The session date: 02/03/2020, tennis court :A, hour: 19 already reserved, C
2020-03-02 13:04:38,841 :: INFO :: booking_course :: Trying to reserve : D
2020-03-02 13:04:49,376 :: ERROR :: booking_course :: The session date: 02/03/2020, tennis court :A, hour: 19 already reserved, D
2020-03-02 13:04:49,376 :: INFO :: booking_course :: Trying to reserve : E
2020-03-02 13:05:00,677 :: ERROR :: booking_course :: The session date: 02/03/2020, tennis court :A, hour: 19 already reserved, E
2020-03-02 13:05:00,677 :: INFO :: booking_course :: Trying to reserve : F
2020-03-02 13:05:11,204 :: ERROR :: booking_course :: The session date: 02/03/2020, tennis court :A, hour: 19 already reserved, F
2020-03-02 13:05:11,204 :: ERROR :: booking_courses_by_priorities :: No tennis court available for this session
2020-03-02 13:05:11,205 :: INFO :: main :: process finished in 94 seconds
2020-03-02 13:06:34,105 :: INFO :: main :: From main : Starting Process
2020-03-02 13:06:34,106 :: INFO :: main :: Reading parameters...
2020-03-02 13:06:34,108 :: INFO :: main :: Starting process for date : 02/03/2020, hour : 19, player : Simon 
2020-03-02 13:06:34,108 :: INFO :: main :: Launching Chrome application
2020-03-02 13:06:36,242 :: INFO :: adsl_connector :: Searching for this url :https://www.adsltennis.fr/_start/index.php?club=57920017
2020-03-02 13:06:37,741 :: INFO :: adsl_connector :: connexion to ADSL portail..
2020-03-02 13:06:37,822 :: INFO :: adsl_connector :: User name verified
2020-03-02 13:06:42,903 :: INFO :: adsl_connector :: password verified
2020-03-02 13:06:48,007 :: INFO :: adsl_connector :: connexion succeeded
2020-03-02 13:06:58,037 :: INFO :: booking_course :: Trying to reserve : A
2020-03-02 13:07:08,415 :: ERROR :: booking_course :: The session date: 02/03/2020, tennis court :A, hour: 19 already reserved, A
2020-03-02 13:07:08,415 :: INFO :: booking_course :: Trying to reserve : B
2020-03-02 13:07:13,719 :: ERROR :: booking_course :: The session date: 02/03/2020, tennis court :A, hour: 19 already reserved, B
2020-03-02 13:07:13,720 :: INFO :: booking_course :: Trying to reserve : C
2020-03-02 13:07:19,033 :: ERROR :: booking_course :: The session date: 02/03/2020, tennis court :A, hour: 19 already reserved, C
2020-03-02 13:07:19,033 :: INFO :: booking_course :: Trying to reserve : D
2020-03-02 13:07:24,343 :: ERROR :: booking_course :: The session date: 02/03/2020, tennis court :A, hour: 19 already reserved, D
2020-03-02 13:07:24,343 :: INFO :: booking_course :: Trying to reserve : E
2020-03-02 13:07:30,960 :: INFO :: booking_course :: Picking players menu...
2020-03-02 13:07:36,001 :: INFO :: booking_course :: Finding player name : Simon
2020-03-02 13:07:41,058 :: INFO :: booking_course :: The sessions date: 02/03/2020, tennis court :A, hour: 19 has been successfully reserved
2020-03-02 13:07:51,276 :: INFO :: main :: process finished in 77 seconds
2020-03-02 13:12:41,571 :: INFO :: main :: From main : Starting Process
2020-03-02 13:12:41,573 :: INFO :: main :: Reading parameters...
2020-03-02 13:12:41,574 :: INFO :: main :: Starting process for date : 02/03/2020, hour : 19, player : Sandro 
2020-03-02 13:12:41,574 :: INFO :: main :: Launching Chrome application
2020-03-02 13:12:43,763 :: INFO :: adsl_connector :: Searching for this url :https://www.adsltennis.fr/_start/index.php?club=57920017
2020-03-02 13:12:45,157 :: INFO :: adsl_connector :: connexion to ADSL portail..
2020-03-02 13:12:45,237 :: INFO :: adsl_connector :: User name verified
2020-03-02 13:12:50,316 :: INFO :: adsl_connector :: password verified
2020-03-02 13:12:55,380 :: INFO :: adsl_connector :: connexion succeeded
2020-03-02 13:13:05,410 :: INFO :: booking_course :: Trying to reserve : A
2020-03-02 13:13:15,780 :: ERROR :: booking_course :: The session date: 02/03/2020, tennis court :A, hour: 19 already reserved, A
2020-03-02 13:13:15,780 :: INFO :: booking_course :: Trying to reserve : B
2020-03-02 13:13:21,088 :: ERROR :: booking_course :: The session date: 02/03/2020, tennis court :A, hour: 19 already reserved, B
2020-03-02 13:13:21,088 :: INFO :: booking_course :: Trying to reserve : C
2020-03-02 13:13:26,403 :: ERROR :: booking_course :: The session date: 02/03/2020, tennis court :A, hour: 19 already reserved, C
2020-03-02 13:13:26,403 :: INFO :: booking_course :: Trying to reserve : D
2020-03-02 13:13:31,715 :: ERROR :: booking_course :: The session date: 02/03/2020, tennis court :A, hour: 19 already reserved, D
2020-03-02 13:13:31,716 :: INFO :: booking_course :: Trying to reserve : E
2020-03-02 13:13:37,028 :: ERROR :: booking_course :: The session date: 02/03/2020, tennis court :A, hour: 19 already reserved, E
2020-03-02 13:13:37,030 :: INFO :: booking_course :: Trying to reserve : F
2020-03-02 13:13:42,344 :: INFO :: booking_course :: Picking players menu...
2020-03-02 13:13:47,401 :: INFO :: booking_course :: Finding player name : Sandro
2020-03-02 13:13:52,462 :: INFO :: booking_course :: The sessions date: 02/03/2020, tennis court :A, hour: 19 has been successfully reserved
2020-03-02 13:13:57,641 :: INFO :: main :: process finished in 76 seconds
